<?xml version="1.0" encoding="UTF-8"?>
<!-- Generated by org.testng.reporters.JUnitReportReporter -->
<testsuite skipped="0" hostname="DESKTOP-9V6HBI9" name="POM_DDF_TESTNG_BASECLASS_UTILITY3.kiitetest" tests="1" failures="0" timestamp="2020-12-06T16:58:27 IST" time="7.123" errors="0">
  <testcase name="VerifyHOME" time="7.123" classname="POM_DDF_TESTNG_BASECLASS_UTILITY3.kiitetest"/>
  <system-out/>
</testsuite> <!-- POM_DDF_TESTNG_BASECLASS_UTILITY3.kiitetest -->
