<?xml version="1.0" encoding="UTF-8"?>
<!-- Generated by org.testng.reporters.JUnitReportReporter -->
<testsuite skipped="0" hostname="DESKTOP-9V6HBI9" name="TESTNG3.report1" tests="2" failures="0" timestamp="2020-12-03T00:13:13 IST" time="0.015" errors="0">
  <testcase name="TC1" time="0.014" classname="TESTNG3.report1"/>
  <system-out>
running TC1  </system-out>
  <testcase name="TC2" time="0.001" classname="TESTNG3.report1"/>
  <system-out>
running TC2  </system-out>
</testsuite> <!-- TESTNG3.report1 -->
