<?xml version="1.0" encoding="UTF-8"?>
<!-- Generated by org.testng.reporters.JUnitReportReporter -->
<testsuite skipped="0" hostname="DESKTOP-9V6HBI9" name="TESTNG3.EmailabeReport" tests="3" failures="0" timestamp="2020-12-03T00:12:42 IST" time="0.017" errors="0">
  <testcase name="TC3" time="0.003" classname="TESTNG3.EmailabeReport"/>
  <system-out>
running TC3  </system-out>
  <testcase name="TC2" time="0.002" classname="TESTNG3.EmailabeReport"/>
  <system-out>
running TC2  </system-out>
  <testcase name="TC1" time="0.012" classname="TESTNG3.EmailabeReport"/>
  <system-out>
running TC1  </system-out>
</testsuite> <!-- TESTNG3.EmailabeReport -->
