<?xml version="1.0" encoding="UTF-8"?>
<!-- Generated by org.testng.reporters.JUnitReportReporter -->
<testsuite skipped="0" hostname="DESKTOP-9V6HBI9" name="POM_DDF_TestNG_BaseClass_Utility2.KiteTest_Sample" tests="1" failures="0" timestamp="2020-12-08T15:14:51 IST" time="4.641" errors="0">
  <testcase name="verifyPin" time="4.641" classname="POM_DDF_TestNG_BaseClass_Utility2.KiteTest_Sample"/>
  <system-out/>
</testsuite> <!-- POM_DDF_TestNG_BaseClass_Utility2.KiteTest_Sample -->
