<?xml version="1.0" encoding="UTF-8"?>
<!-- Generated by org.testng.reporters.JUnitReportReporter -->
<testsuite skipped="0" hostname="DESKTOP-9V6HBI9" name="TESTNG2.sample2" tests="2" failures="0" timestamp="2020-12-02T16:56:49 IST" time="0.007" errors="0">
  <testcase name="TC4" time="0.004" classname="TESTNG2.sample2"/>
  <system-out>
running TC4  </system-out>
  <testcase name="TC3" time="0.003" classname="TESTNG2.sample2"/>
  <system-out>
running TC3  </system-out>
</testsuite> <!-- TESTNG2.sample2 -->
