<?xml version="1.0" encoding="UTF-8"?>
<!-- Generated by org.testng.reporters.JUnitReportReporter -->
<testsuite skipped="0" hostname="DESKTOP-9V6HBI9" name="TESTNG3.report2" tests="2" failures="0" timestamp="2020-12-03T00:13:13 IST" time="0.005" errors="0">
  <testcase name="TC4" time="0.003" classname="TESTNG3.report2"/>
  <system-out>
running TC4  </system-out>
  <testcase name="TC3" time="0.002" classname="TESTNG3.report2"/>
  <system-out>
running TC3  </system-out>
</testsuite> <!-- TESTNG3.report2 -->
