<?xml version="1.0" encoding="UTF-8"?>
<!-- Generated by org.testng.reporters.JUnitReportReporter -->
<testsuite skipped="0" hostname="DESKTOP-9V6HBI9" name="TESTNG2.sample3" tests="2" failures="0" timestamp="2020-12-02T16:56:49 IST" time="0.005" errors="0">
  <testcase name="TC6" time="0.002" classname="TESTNG2.sample3"/>
  <system-out>
running TC6  </system-out>
  <testcase name="TC5" time="0.003" classname="TESTNG2.sample3"/>
  <system-out>
running TC5  </system-out>
</testsuite> <!-- TESTNG2.sample3 -->
