<?xml version="1.0" encoding="UTF-8"?>
<!-- Generated by org.testng.reporters.JUnitReportReporter -->
<testsuite skipped="0" hostname="DESKTOP-9V6HBI9" name="POM_DDF_TestNG_BaseClass_Utility.ExecuteonlyFailTC3" tests="2" failures="0" timestamp="2020-12-09T01:23:15 IST" time="0.016" errors="0">
  <testcase name="TC2" time="0.002" classname="POM_DDF_TestNG_BaseClass_Utility.ExecuteonlyFailTC3"/>
  <system-out>
Running TC2  </system-out>
  <testcase name="TC1" time="0.014" classname="POM_DDF_TestNG_BaseClass_Utility.ExecuteonlyFailTC3"/>
  <system-out>
Running TC1  </system-out>
</testsuite> <!-- POM_DDF_TestNG_BaseClass_Utility.ExecuteonlyFailTC3 -->
