<?xml version="1.0" encoding="UTF-8"?>
<!-- Generated by org.testng.reporters.JUnitReportReporter -->
<testsuite skipped="0" hostname="DESKTOP-9V6HBI9" name="TESTNG.report1" tests="2" failures="0" timestamp="2020-12-02T17:06:05 IST" time="0.019" errors="0">
  <testcase name="TC1" time="0.016" classname="TESTNG.report1"/>
  <system-out>
running TC1  </system-out>
  <testcase name="TC2" time="0.003" classname="TESTNG.report1"/>
  <system-out>
running TC2  </system-out>
</testsuite> <!-- TESTNG.report1 -->
