<?xml version="1.0" encoding="UTF-8"?>
<!-- Generated by org.testng.reporters.JUnitReportReporter -->
<testsuite skipped="0" hostname="DESKTOP-9V6HBI9" name="TESTNG2.EmailableReport2" tests="3" failures="0" timestamp="2020-12-02T16:46:36 IST" time="0.019" errors="0">
  <testcase name="TC3" time="0.003" classname="TESTNG2.EmailableReport2"/>
  <system-out>
running TC3  </system-out>
  <testcase name="TC2" time="0.003" classname="TESTNG2.EmailableReport2"/>
  <system-out>
running TC2  </system-out>
  <testcase name="TC1" time="0.013" classname="TESTNG2.EmailableReport2"/>
  <system-out>
running TC1  </system-out>
</testsuite> <!-- TESTNG2.EmailableReport2 -->
