<?xml version="1.0" encoding="UTF-8"?>
<!-- Generated by org.testng.reporters.JUnitReportReporter -->
<testsuite skipped="0" hostname="DESKTOP-9V6HBI9" name="TESTNG2.sample1" tests="2" failures="0" timestamp="2020-12-02T16:56:49 IST" time="0.017" errors="0">
  <testcase name="TC1" time="0.014" classname="TESTNG2.sample1"/>
  <system-out>
running TC1  </system-out>
  <testcase name="TC2" time="0.003" classname="TESTNG2.sample1"/>
  <system-out>
running TC2  </system-out>
</testsuite> <!-- TESTNG2.sample1 -->
