<?xml version="1.0" encoding="UTF-8"?>
<!-- Generated by org.testng.reporters.JUnitReportReporter -->
<testsuite skipped="0" hostname="DESKTOP-9V6HBI9" name="POM_DDF_TestNG_BaseClass_Utility2.kitetest" tests="1" failures="0" timestamp="2020-12-06T16:51:55 IST" time="7.292" errors="0">
  <testcase name="verifyHOME" time="7.292" classname="POM_DDF_TestNG_BaseClass_Utility2.kitetest"/>
  <system-out/>
</testsuite> <!-- POM_DDF_TestNG_BaseClass_Utility2.kitetest -->
