<?xml version="1.0" encoding="UTF-8"?>
<!-- Generated by org.testng.reporters.JUnitReportReporter -->
<testsuite skipped="0" hostname="DESKTOP-9V6HBI9" name="TESTNG3.report3" tests="2" failures="0" timestamp="2020-12-03T00:13:13 IST" time="0.008" errors="0">
  <testcase name="TC6" time="0.002" classname="TESTNG3.report3"/>
  <system-out>
running TC6  </system-out>
  <testcase name="TC5" time="0.006" classname="TESTNG3.report3"/>
  <system-out>
running TC5  </system-out>
</testsuite> <!-- TESTNG3.report3 -->
