<?xml version="1.0" encoding="UTF-8"?>
<!-- Generated by org.testng.reporters.JUnitReportReporter -->
<testsuite skipped="0" hostname="DESKTOP-9V6HBI9" name="POM_DDF_TestNG.kitest_sample" tests="1" failures="0" timestamp="2020-12-04T16:19:17 IST" time="12.933" errors="0">
  <testcase name="verifyPN" time="12.933" classname="POM_DDF_TestNG.kitest_sample"/>
  <system-out/>
</testsuite> <!-- POM_DDF_TestNG.kitest_sample -->
